<?xml version="1.0" encoding="UTF-8"?><testrun name="testRun" project="Cucumber001_Framework" tests="13" started="13" failures="2" errors="0" ignored="4">
  <testsuite name="TestRunner.testRun" time="22.562">
    <testsuite name="Feature: Create new customer" time="22.562">
      <testsuite name="Scenario: Successful login with valide credentials" time="22.538" incomplete="true">
        <failure>java.lang.AssertionError&#13;
	at org.junit.Assert.fail(Assert.java:86)&#13;
	at org.junit.Assert.assertTrue(Assert.java:41)&#13;
	at org.junit.Assert.assertTrue(Assert.java:52)&#13;
	at PageDefination.CustomerPageSteps.user_can_view_add_new_customers_page(CustomerPageSteps.java:103)&#13;
	at ✽.Then User can view add new customers page(src/test/resources/Feature/Customers.feature:12)&#13;
&#13;
</failure>
        <testcase name="Given User launch browser" classname="Scenario: Successful login with valide credentials" time="5.352"/>
        <testcase name="When User opens URL &quot;https://admin-demo.nopcommerce.com/login&quot;" classname="Scenario: Successful login with valide credentials" time="0.433"/>
        <testcase name="And User Enter Email &quot;admin@yourstore.com&quot; and Password &quot;admin&quot;" classname="Scenario: Successful login with valide credentials" time="5.464"/>
        <testcase name="And User Click on Login" classname="Scenario: Successful login with valide credentials" time="0.363"/>
        <testcase name="Then User can view Dashbord" classname="Scenario: Successful login with valide credentials" time="0.265"/>
        <testcase name="When User click on customers menu" classname="Scenario: Successful login with valide credentials" time="4.471"/>
        <testcase name="And Click on customers menu item" classname="Scenario: Successful login with valide credentials" time="1.93"/>
        <testcase name="And Click on Add new button" classname="Scenario: Successful login with valide credentials" time="4.253"/>
        <testcase name="Then User can view add new customers page" classname="Scenario: Successful login with valide credentials" time="0.007">
          <failure>java.lang.AssertionError&#13;
	at org.junit.Assert.fail(Assert.java:86)&#13;
	at org.junit.Assert.assertTrue(Assert.java:41)&#13;
	at org.junit.Assert.assertTrue(Assert.java:52)&#13;
	at PageDefination.CustomerPageSteps.user_can_view_add_new_customers_page(CustomerPageSteps.java:103)&#13;
	at ✽.Then User can view add new customers page(src/test/resources/Feature/Customers.feature:12)&#13;
&#13;
</failure>
        </testcase>
        <testcase name="When User enter customer info" classname="Scenario: Successful login with valide credentials" time="0.001" ignored="true"/>
        <testcase name="And Click on Save button" classname="Scenario: Successful login with valide credentials" time="0.002" ignored="true"/>
        <testcase name="Then User can view conformation message &quot;The new customer has been added successfully&quot;" classname="Scenario: Successful login with valide credentials" time="0.001" ignored="true"/>
        <testcase name="And Close browser" classname="Scenario: Successful login with valide credentials" time="0.015" ignored="true"/>
      </testsuite>
    </testsuite>
  </testsuite>
</testrun>
