<?xml version="1.0" encoding="UTF-8"?><testrun name="testRun" project="Cucumber001_Framework" tests="8" started="8" failures="2" errors="0" ignored="1">
  <testsuite name="TestRunner.testRun" time="17.075">
    <testsuite name="Feature: Login" time="17.075">
      <testsuite name="Scenario: Successful login with valide credentials" time="17.049" incomplete="true">
        <failure>
          <expected>Your Store.Login</expected>
          <actual>Your store. Login</actual>
          org.junit.ComparisonFailure: expected:&lt;Your [Store.]Login&gt; but was:&lt;Your [store. ]Login&gt;&#13;
	at org.junit.Assert.assertEquals(Assert.java:115)&#13;
	at org.junit.Assert.assertEquals(Assert.java:144)&#13;
	at PageDefination.Steps.page_title_should_be(Steps.java:50)&#13;
	at ✽.Then Page title should be "Your Store.Login"(src/test/resources/Feature/LoginFeaure.feature:11)&#13;
&#13;

        </failure>
        <testcase name="Given User launch browser" classname="Scenario: Successful login with valide credentials" time="6.03"/>
        <testcase name="When User opens URL &quot;https://admin-demo.nopcommerce.com/login&quot;" classname="Scenario: Successful login with valide credentials" time="0.281"/>
        <testcase name="And User Enter Email &quot;admin@yourstore.com&quot; and Password &quot;admin&quot;" classname="Scenario: Successful login with valide credentials" time="6.878"/>
        <testcase name="And User Click on Login" classname="Scenario: Successful login with valide credentials" time="0.071"/>
        <testcase name="Then Page title should be &quot;Dashboard / nopCommerce administration&quot;" classname="Scenario: Successful login with valide credentials" time="3.754"/>
        <testcase name="When User click on Logout" classname="Scenario: Successful login with valide credentials" time="0.03"/>
        <testcase name="Then Page title should be &quot;Your Store.Login&quot;" classname="Scenario: Successful login with valide credentials" time="0.003">
          <failure>
            <expected>Your Store.Login</expected>
            <actual>Your store. Login</actual>
            org.junit.ComparisonFailure: expected:&lt;Your [Store.]Login&gt; but was:&lt;Your [store. ]Login&gt;&#13;
	at org.junit.Assert.assertEquals(Assert.java:115)&#13;
	at org.junit.Assert.assertEquals(Assert.java:144)&#13;
	at PageDefination.Steps.page_title_should_be(Steps.java:50)&#13;
	at ✽.Then Page title should be "Your Store.Login"(src/test/resources/Feature/LoginFeaure.feature:11)&#13;
&#13;

          </failure>
        </testcase>
        <testcase name="And Close browser" classname="Scenario: Successful login with valide credentials" time="0.021" ignored="true"/>
      </testsuite>
    </testsuite>
  </testsuite>
</testrun>
